{
  "stats": {
    "suites": 1,
    "tests": 3,
    "passes": 1,
    "pending": 1,
    "failures": 1,
    "start": "2024-03-10T13:33:13.501Z",
    "end": "2024-03-10T13:33:28.294Z",
    "duration": 14793,
    "testsRegistered": 3,
    "passPercent": 50,
    "pendingPercent": 33.33333333333333,
    "other": 0,
    "hasOther": false,
    "skipped": 0,
    "hasSkipped": false
  },
  "results": [
    {
      "uuid": "3ff8140d-0364-4d60-9db8-3fa23b7992d4",
      "title": "",
      "fullFile": "cypress/e2e/search.cy.js",
      "file": "cypress/e2e/search.cy.js",
      "beforeHooks": [],
      "afterHooks": [],
      "tests": [],
      "suites": [
        {
          "uuid": "140d8541-a384-4f43-9119-ce0e53a2560b",
          "title": "As an user, I would like to input the information",
          "fullFile": "",
          "file": "",
          "beforeHooks": [],
          "afterHooks": [],
          "tests": [
            {
              "title": "So that I can register successfully",
              "fullTitle": "As an user, I would like to input the information So that I can register successfully",
              "timedOut": null,
              "duration": 2927,
              "state": "passed",
              "speed": "fast",
              "pass": true,
              "fail": false,
              "pending": false,
              "context": null,
              "code": "_registerPage.default.goToRegisterPage();\ncy.generateTestData();\ncy.readFile('cypress/fixtures/data.json').then(data => {\n  _registerPage.default.registerSuccess(data);\n});",
              "err": {},
              "uuid": "e8b06f7a-059d-4a58-bedc-393439677a9c",
              "parentUUID": "140d8541-a384-4f43-9119-ce0e53a2560b",
              "isHook": false,
              "skipped": false
            },
            {
              "title": "So that the form should validate invalid information",
              "fullTitle": "As an user, I would like to input the information So that the form should validate invalid information",
              "timedOut": null,
              "duration": 10114,
              "state": "failed",
              "speed": null,
              "pass": false,
              "fail": true,
              "pending": false,
              "context": null,
              "code": "_registerPage.default.goToRegisterPage();\n_registerPage.default.validateFields();",
              "err": {
                "message": "AssertionError: Timed out retrying after 8000ms: expected '<div.ant-form-item-explain-error>' to contain text '\\'source\\' is required', but the text was '\\'infoSource\\' is required'",
                "estack": "AssertionError: Timed out retrying after 8000ms: expected '<div.ant-form-item-explain-error>' to contain text '\\'source\\' is required', but the text was '\\'infoSource\\' is required'\n    at registerPage.validateFields (webpack://automation/./cypress/pageObjects/registerPage.js:30:40)\n    at Context.eval (webpack://automation/./cypress/e2e/search.cy.js:14:21)",
                "diff": "- '\\'infoSource\\' is required'\n+ '\\'source\\' is required'\n"
              },
              "uuid": "584faea8-70fa-48f6-89c6-9c872acd7353",
              "parentUUID": "140d8541-a384-4f43-9119-ce0e53a2560b",
              "isHook": false,
              "skipped": false
            },
            {
              "title": "So that the form should validate existing email",
              "fullTitle": "As an user, I would like to input the information So that the form should validate existing email",
              "timedOut": null,
              "duration": 0,
              "state": "pending",
              "speed": null,
              "pass": false,
              "fail": false,
              "pending": true,
              "context": null,
              "code": "_registerPage.default.goToRegisterPage();\n//Pre-condition: The email is existed\ncy.generateTestData();\ncy.readFile('cypress/fixtures/data.json').then(data => {\n  _registerPage.default.registerSuccess(data);\n  _registerPage.default.registerWithDuplicatedEmail(data);\n});",
              "err": {},
              "uuid": "2f8f934e-23f0-423f-9a48-32c0ca88cfff",
              "parentUUID": "140d8541-a384-4f43-9119-ce0e53a2560b",
              "isHook": false,
              "skipped": false
            }
          ],
          "suites": [],
          "passes": [
            "e8b06f7a-059d-4a58-bedc-393439677a9c"
          ],
          "failures": [
            "584faea8-70fa-48f6-89c6-9c872acd7353"
          ],
          "pending": [
            "2f8f934e-23f0-423f-9a48-32c0ca88cfff"
          ],
          "skipped": [],
          "duration": 13041,
          "root": false,
          "rootEmpty": false,
          "_timeout": 2000
        }
      ],
      "passes": [],
      "failures": [],
      "pending": [],
      "skipped": [],
      "duration": 0,
      "root": true,
      "rootEmpty": true,
      "_timeout": 2000
    }
  ],
  "meta": {
    "mocha": {
      "version": "7.0.1"
    },
    "mochawesome": {
      "options": {
        "quiet": false,
        "reportFilename": "mochawesome",
        "saveHtml": false,
        "saveJson": true,
        "consoleReporter": "spec",
        "useInlineDiffs": false,
        "code": true
      },
      "version": "7.1.3"
    },
    "marge": {
      "options": {
        "reportDir": "cypress/reports/mochawesome",
        "overwrite": false,
        "html": false,
        "json": true
      },
      "version": "6.2.0"
    }
  }
}