{
  "stats": {
    "suites": 1,
    "tests": 3,
    "passes": 0,
    "pending": 1,
    "failures": 2,
    "start": "2024-03-10T13:32:10.791Z",
    "end": "2024-03-10T13:32:33.027Z",
    "duration": 22236,
    "testsRegistered": 3,
    "passPercent": 0,
    "pendingPercent": 33.33333333333333,
    "other": 0,
    "hasOther": false,
    "skipped": 0,
    "hasSkipped": false
  },
  "results": [
    {
      "uuid": "340eb5d8-508e-4036-a787-af491923fe01",
      "title": "",
      "fullFile": "cypress/e2e/search.cy.js",
      "file": "cypress/e2e/search.cy.js",
      "beforeHooks": [],
      "afterHooks": [],
      "tests": [],
      "suites": [
        {
          "uuid": "578d6fca-3bd5-4020-aa80-d095cf36a85e",
          "title": "As an user, I would like to input the information",
          "fullFile": "",
          "file": "",
          "beforeHooks": [],
          "afterHooks": [],
          "tests": [
            {
              "title": "So that I can register successfully",
              "fullTitle": "As an user, I would like to input the information So that I can register successfully",
              "timedOut": null,
              "duration": 10639,
              "state": "failed",
              "speed": null,
              "pass": false,
              "fail": true,
              "pending": false,
              "context": null,
              "code": "_registerPage.default.goToRegisterPage();\ncy.generateTestData();\ncy.readFile('cypress/fixtures/data.json').then(data => {\n  _registerPage.default.registerSuccess(data);\n});",
              "err": {
                "message": "AssertionError: Timed out retrying after 8000ms: Expected to find content: 'Partner' within the element: <span> but never did.",
                "estack": "AssertionError: Timed out retrying after 8000ms: Expected to find content: 'Partner' within the element: <span> but never did.\n    at registerPage.fillInForm (webpack://automation/./cypress/pageObjects/registerPage.js:41:39)\n    at registerPage.registerSuccess (webpack://automation/./cypress/pageObjects/registerPage.js:47:13)\n    at Context.eval (webpack://automation/./cypress/e2e/search.cy.js:8:21)",
                "diff": null
              },
              "uuid": "28db7ed0-01d8-4e68-8e02-86a7c199feb3",
              "parentUUID": "578d6fca-3bd5-4020-aa80-d095cf36a85e",
              "isHook": false,
              "skipped": false
            },
            {
              "title": "So that the form should validate invalid information",
              "fullTitle": "As an user, I would like to input the information So that the form should validate invalid information",
              "timedOut": null,
              "duration": 9910,
              "state": "failed",
              "speed": null,
              "pass": false,
              "fail": true,
              "pending": false,
              "context": null,
              "code": "_registerPage.default.goToRegisterPage();\n_registerPage.default.validateFields();",
              "err": {
                "message": "AssertionError: Timed out retrying after 8000ms: expected '<div.ant-form-item-explain-error>' to contain text '\\'source\\' is required', but the text was '\\'infoSource\\' is required'",
                "estack": "AssertionError: Timed out retrying after 8000ms: expected '<div.ant-form-item-explain-error>' to contain text '\\'source\\' is required', but the text was '\\'infoSource\\' is required'\n    at registerPage.validateFields (webpack://automation/./cypress/pageObjects/registerPage.js:30:40)\n    at Context.eval (webpack://automation/./cypress/e2e/search.cy.js:14:21)",
                "diff": "- '\\'infoSource\\' is required'\n+ '\\'source\\' is required'\n"
              },
              "uuid": "35d52d51-f8ab-4d2a-b5d9-f746288058e1",
              "parentUUID": "578d6fca-3bd5-4020-aa80-d095cf36a85e",
              "isHook": false,
              "skipped": false
            },
            {
              "title": "So that the form should validate existing email",
              "fullTitle": "As an user, I would like to input the information So that the form should validate existing email",
              "timedOut": null,
              "duration": 0,
              "state": "pending",
              "speed": null,
              "pass": false,
              "fail": false,
              "pending": true,
              "context": null,
              "code": "_registerPage.default.goToRegisterPage();\n//Pre-condition: The email is existed\ncy.generateTestData();\ncy.readFile('cypress/fixtures/data.json').then(data => {\n  _registerPage.default.registerSuccess(data);\n  _registerPage.default.registerWithDuplicatedEmail(data);\n});",
              "err": {},
              "uuid": "3600a5d5-357d-41e4-a341-cdac903683c0",
              "parentUUID": "578d6fca-3bd5-4020-aa80-d095cf36a85e",
              "isHook": false,
              "skipped": false
            }
          ],
          "suites": [],
          "passes": [],
          "failures": [
            "28db7ed0-01d8-4e68-8e02-86a7c199feb3",
            "35d52d51-f8ab-4d2a-b5d9-f746288058e1"
          ],
          "pending": [
            "3600a5d5-357d-41e4-a341-cdac903683c0"
          ],
          "skipped": [],
          "duration": 20549,
          "root": false,
          "rootEmpty": false,
          "_timeout": 2000
        }
      ],
      "passes": [],
      "failures": [],
      "pending": [],
      "skipped": [],
      "duration": 0,
      "root": true,
      "rootEmpty": true,
      "_timeout": 2000
    }
  ],
  "meta": {
    "mocha": {
      "version": "7.0.1"
    },
    "mochawesome": {
      "options": {
        "quiet": false,
        "reportFilename": "mochawesome",
        "saveHtml": false,
        "saveJson": true,
        "consoleReporter": "spec",
        "useInlineDiffs": false,
        "code": true
      },
      "version": "7.1.3"
    },
    "marge": {
      "options": {
        "reportDir": "cypress/reports/mochawesome",
        "overwrite": false,
        "html": false,
        "json": true
      },
      "version": "6.2.0"
    }
  }
}