{
  "stats": {
    "suites": 1,
    "tests": 3,
    "passes": 0,
    "pending": 1,
    "failures": 2,
    "start": "2024-03-08T10:53:11.650Z",
    "end": "2024-03-08T10:53:33.851Z",
    "duration": 22201,
    "testsRegistered": 3,
    "passPercent": 0,
    "pendingPercent": 33.33333333333333,
    "other": 0,
    "hasOther": false,
    "skipped": 0,
    "hasSkipped": false
  },
  "results": [
    {
      "uuid": "bccf419e-7e3b-4af7-b64a-1b0f1dcae493",
      "title": "",
      "fullFile": "cypress/e2e/search.cy.js",
      "file": "cypress/e2e/search.cy.js",
      "beforeHooks": [],
      "afterHooks": [],
      "tests": [],
      "suites": [
        {
          "uuid": "879f458e-dc61-4fc8-a869-456239f04b3f",
          "title": "As an user, I would like to input the information",
          "fullFile": "",
          "file": "",
          "beforeHooks": [],
          "afterHooks": [],
          "tests": [
            {
              "title": "So that I can register successfully",
              "fullTitle": "As an user, I would like to input the information So that I can register successfully",
              "timedOut": null,
              "duration": 10818,
              "state": "failed",
              "speed": null,
              "pass": false,
              "fail": true,
              "pending": false,
              "context": null,
              "code": "_registerPage.default.goToRegisterPage();\ncy.generateTestData();\ncy.readFile('cypress/fixtures/data.json').then(data => {\n  _registerPage.default.registerSuccess(data);\n});",
              "err": {
                "message": "AssertionError: Timed out retrying after 8000ms: Expected to find element: `div.ant-select-item-option-content`, but never found it.",
                "estack": "AssertionError: Timed out retrying after 8000ms: Expected to find element: `div.ant-select-item-option-content`, but never found it.\n    at registerPage.fillInForm (webpack://automation/./cypress/pageObjects/registerPage.js:37:11)\n    at registerPage.registerSuccess (webpack://automation/./cypress/pageObjects/registerPage.js:44:13)\n    at Context.eval (webpack://automation/./cypress/e2e/search.cy.js:8:21)",
                "diff": null
              },
              "uuid": "c9ba2782-3d2b-4d5f-8491-d3d8c0aa9593",
              "parentUUID": "879f458e-dc61-4fc8-a869-456239f04b3f",
              "isHook": false,
              "skipped": false
            },
            {
              "title": "So that the form should validate invalid information",
              "fullTitle": "As an user, I would like to input the information So that the form should validate invalid information",
              "timedOut": null,
              "duration": 9183,
              "state": "failed",
              "speed": null,
              "pass": false,
              "fail": true,
              "pending": false,
              "context": null,
              "code": "_registerPage.default.goToRegisterPage();\n_registerPage.default.validateFields();",
              "err": {
                "message": "AssertionError: Timed out retrying after 8000ms: expected '<div.ant-form-item-explain-error>' to equal '\\'email\\' is not a valid email'",
                "estack": "AssertionError: Timed out retrying after 8000ms: expected '<div.ant-form-item-explain-error>' to equal '\\'email\\' is not a valid email'\n    at registerPage.validateFields (webpack://automation/./cypress/pageObjects/registerPage.js:18:42)\n    at Context.eval (webpack://automation/./cypress/e2e/search.cy.js:14:21)",
                "diff": null
              },
              "uuid": "99c064b9-35ea-45d0-bc3d-0cebdd166230",
              "parentUUID": "879f458e-dc61-4fc8-a869-456239f04b3f",
              "isHook": false,
              "skipped": false
            },
            {
              "title": "So that the form should validate existing email",
              "fullTitle": "As an user, I would like to input the information So that the form should validate existing email",
              "timedOut": null,
              "duration": 0,
              "state": "pending",
              "speed": null,
              "pass": false,
              "fail": false,
              "pending": true,
              "context": null,
              "code": "_registerPage.default.goToRegisterPage();\n//Pre-condition: The email is existed\ncy.generateTestData();\ncy.readFile('cypress/fixtures/data.json').then(data => {\n  _registerPage.default.registerSuccess(data);\n  _registerPage.default.registerWithDuplicatedEmail(data);\n});",
              "err": {},
              "uuid": "3864b4be-a2d8-4e21-9423-264de354bf6f",
              "parentUUID": "879f458e-dc61-4fc8-a869-456239f04b3f",
              "isHook": false,
              "skipped": false
            }
          ],
          "suites": [],
          "passes": [],
          "failures": [
            "c9ba2782-3d2b-4d5f-8491-d3d8c0aa9593",
            "99c064b9-35ea-45d0-bc3d-0cebdd166230"
          ],
          "pending": [
            "3864b4be-a2d8-4e21-9423-264de354bf6f"
          ],
          "skipped": [],
          "duration": 20001,
          "root": false,
          "rootEmpty": false,
          "_timeout": 2000
        }
      ],
      "passes": [],
      "failures": [],
      "pending": [],
      "skipped": [],
      "duration": 0,
      "root": true,
      "rootEmpty": true,
      "_timeout": 2000
    }
  ],
  "meta": {
    "mocha": {
      "version": "7.0.1"
    },
    "mochawesome": {
      "options": {
        "quiet": false,
        "reportFilename": "mochawesome",
        "saveHtml": false,
        "saveJson": true,
        "consoleReporter": "spec",
        "useInlineDiffs": false,
        "code": true
      },
      "version": "7.1.3"
    },
    "marge": {
      "options": {
        "reportDir": "cypress/reports/mochawesome",
        "overwrite": false,
        "html": false,
        "json": true
      },
      "version": "6.2.0"
    }
  }
}