{
  "stats": {
    "suites": 1,
    "tests": 1,
    "passes": 1,
    "pending": 0,
    "failures": 0,
    "start": "2024-07-02T08:49:00.695Z",
    "end": "2024-07-02T08:49:11.591Z",
    "duration": 10896,
    "testsRegistered": 1,
    "passPercent": 100,
    "pendingPercent": 0,
    "other": 0,
    "hasOther": false,
    "skipped": 0,
    "hasSkipped": false
  },
  "results": [
    {
      "uuid": "10def010-6d60-4e28-8054-ae56876db6f6",
      "title": "",
      "fullFile": "cypress/e2e/register.cy.js",
      "file": "cypress/e2e/register.cy.js",
      "beforeHooks": [],
      "afterHooks": [],
      "tests": [],
      "suites": [
        {
          "uuid": "78a19747-cddf-46ed-aa19-b688713d27b6",
          "title": "As an user, I would like to go to register Amazon page",
          "fullFile": "",
          "file": "",
          "beforeHooks": [],
          "afterHooks": [],
          "tests": [
            {
              "title": "So that I can complete register form",
              "fullTitle": "As an user, I would like to go to register Amazon page So that I can complete register form",
              "timedOut": null,
              "duration": 8732,
              "state": "passed",
              "speed": "medium",
              "pass": true,
              "fail": false,
              "pending": false,
              "context": null,
              "code": "_registerPage.default.goToRegisterPage();\ncy.generateTestData();\ncy.readFile('cypress/fixtures/data.json').then(data => {\n  _registerPage.default.fillInRegisterForm(data);\n  _registerPage.default.clickContinueBtt();\n  _registerPage.default.assertCompleteRegisterForm();\n});",
              "err": {},
              "uuid": "04a18585-ceab-4849-83e3-13372fb75399",
              "parentUUID": "78a19747-cddf-46ed-aa19-b688713d27b6",
              "isHook": false,
              "skipped": false
            }
          ],
          "suites": [],
          "passes": [
            "04a18585-ceab-4849-83e3-13372fb75399"
          ],
          "failures": [],
          "pending": [],
          "skipped": [],
          "duration": 8732,
          "root": false,
          "rootEmpty": false,
          "_timeout": 2000
        }
      ],
      "passes": [],
      "failures": [],
      "pending": [],
      "skipped": [],
      "duration": 0,
      "root": true,
      "rootEmpty": true,
      "_timeout": 2000
    }
  ],
  "meta": {
    "mocha": {
      "version": "7.0.1"
    },
    "mochawesome": {
      "options": {
        "quiet": false,
        "reportFilename": "mochawesome",
        "saveHtml": false,
        "saveJson": true,
        "consoleReporter": "spec",
        "useInlineDiffs": false,
        "code": true
      },
      "version": "7.1.3"
    },
    "marge": {
      "options": {
        "reportDir": "cypress/reports/mochawesome",
        "overwrite": false,
        "html": false,
        "json": true
      },
      "version": "6.2.0"
    }
  }
}