{
  "stats": {
    "suites": 1,
    "tests": 3,
    "passes": 0,
    "pending": 1,
    "failures": 2,
    "start": "2024-03-10T13:27:06.106Z",
    "end": "2024-03-10T13:27:29.610Z",
    "duration": 23504,
    "testsRegistered": 3,
    "passPercent": 0,
    "pendingPercent": 33.33333333333333,
    "other": 0,
    "hasOther": false,
    "skipped": 0,
    "hasSkipped": false
  },
  "results": [
    {
      "uuid": "b6a74862-b1aa-48ae-8f98-3bd2d456afac",
      "title": "",
      "fullFile": "cypress/e2e/search.cy.js",
      "file": "cypress/e2e/search.cy.js",
      "beforeHooks": [],
      "afterHooks": [],
      "tests": [],
      "suites": [
        {
          "uuid": "1c3cdb3c-9df5-4df4-a6e8-5fc91ba83202",
          "title": "As an user, I would like to input the information",
          "fullFile": "",
          "file": "",
          "beforeHooks": [],
          "afterHooks": [],
          "tests": [
            {
              "title": "So that I can register successfully",
              "fullTitle": "As an user, I would like to input the information So that I can register successfully",
              "timedOut": null,
              "duration": 11101,
              "state": "failed",
              "speed": null,
              "pass": false,
              "fail": true,
              "pending": false,
              "context": null,
              "code": "_registerPage.default.goToRegisterPage();\ncy.generateTestData();\ncy.readFile('cypress/fixtures/data.json').then(data => {\n  _registerPage.default.registerSuccess(data);\n});",
              "err": {
                "message": "AssertionError: Timed out retrying after 8000ms: Expected to find content: 'Other' within the element: <span> but never did.",
                "estack": "AssertionError: Timed out retrying after 8000ms: Expected to find content: 'Other' within the element: <span> but never did.\n    at registerPage.fillInForm (webpack://automation/./cypress/pageObjects/registerPage.js:41:39)\n    at registerPage.registerSuccess (webpack://automation/./cypress/pageObjects/registerPage.js:47:13)\n    at Context.eval (webpack://automation/./cypress/e2e/search.cy.js:8:21)",
                "diff": null
              },
              "uuid": "c757574b-37aa-431f-b05d-32f01046e9fc",
              "parentUUID": "1c3cdb3c-9df5-4df4-a6e8-5fc91ba83202",
              "isHook": false,
              "skipped": false
            },
            {
              "title": "So that the form should validate invalid information",
              "fullTitle": "As an user, I would like to input the information So that the form should validate invalid information",
              "timedOut": null,
              "duration": 10146,
              "state": "failed",
              "speed": null,
              "pass": false,
              "fail": true,
              "pending": false,
              "context": null,
              "code": "_registerPage.default.goToRegisterPage();\n_registerPage.default.validateFields();",
              "err": {
                "message": "AssertionError: Timed out retrying after 8000ms: expected '<div.ant-form-item-explain-error>' to contain text '\\'lastName\\' is required', but the text was '\\'infoSource\\' is required'",
                "estack": "AssertionError: Timed out retrying after 8000ms: expected '<div.ant-form-item-explain-error>' to contain text '\\'lastName\\' is required', but the text was '\\'infoSource\\' is required'\n    at registerPage.validateFields (webpack://automation/./cypress/pageObjects/registerPage.js:30:40)\n    at Context.eval (webpack://automation/./cypress/e2e/search.cy.js:14:21)",
                "diff": "- '\\'infoSource\\' is required'\n+ '\\'lastName\\' is required'\n"
              },
              "uuid": "79598d1f-d7f5-448a-9ef0-05c741e89d38",
              "parentUUID": "1c3cdb3c-9df5-4df4-a6e8-5fc91ba83202",
              "isHook": false,
              "skipped": false
            },
            {
              "title": "So that the form should validate existing email",
              "fullTitle": "As an user, I would like to input the information So that the form should validate existing email",
              "timedOut": null,
              "duration": 0,
              "state": "pending",
              "speed": null,
              "pass": false,
              "fail": false,
              "pending": true,
              "context": null,
              "code": "_registerPage.default.goToRegisterPage();\n//Pre-condition: The email is existed\ncy.generateTestData();\ncy.readFile('cypress/fixtures/data.json').then(data => {\n  _registerPage.default.registerSuccess(data);\n  _registerPage.default.registerWithDuplicatedEmail(data);\n});",
              "err": {},
              "uuid": "10b70e64-f9a4-4c5b-ba1e-724358b572e8",
              "parentUUID": "1c3cdb3c-9df5-4df4-a6e8-5fc91ba83202",
              "isHook": false,
              "skipped": false
            }
          ],
          "suites": [],
          "passes": [],
          "failures": [
            "c757574b-37aa-431f-b05d-32f01046e9fc",
            "79598d1f-d7f5-448a-9ef0-05c741e89d38"
          ],
          "pending": [
            "10b70e64-f9a4-4c5b-ba1e-724358b572e8"
          ],
          "skipped": [],
          "duration": 21247,
          "root": false,
          "rootEmpty": false,
          "_timeout": 2000
        }
      ],
      "passes": [],
      "failures": [],
      "pending": [],
      "skipped": [],
      "duration": 0,
      "root": true,
      "rootEmpty": true,
      "_timeout": 2000
    }
  ],
  "meta": {
    "mocha": {
      "version": "7.0.1"
    },
    "mochawesome": {
      "options": {
        "quiet": false,
        "reportFilename": "mochawesome",
        "saveHtml": false,
        "saveJson": true,
        "consoleReporter": "spec",
        "useInlineDiffs": false,
        "code": true
      },
      "version": "7.1.3"
    },
    "marge": {
      "options": {
        "reportDir": "cypress/reports/mochawesome",
        "overwrite": false,
        "html": false,
        "json": true
      },
      "version": "6.2.0"
    }
  }
}