{
  "stats": {
    "suites": 1,
    "tests": 2,
    "passes": 1,
    "pending": 0,
    "failures": 1,
    "start": "2023-12-30T05:41:02.252Z",
    "end": "2023-12-30T05:41:18.885Z",
    "duration": 16633,
    "testsRegistered": 2,
    "passPercent": 50,
    "pendingPercent": 0,
    "other": 0,
    "hasOther": false,
    "skipped": 0,
    "hasSkipped": false
  },
  "results": [
    {
      "uuid": "70ae81ba-aac9-4376-afa4-576a11350af2",
      "title": "",
      "fullFile": "cypress/e2e/search.cy.js",
      "file": "cypress/e2e/search.cy.js",
      "beforeHooks": [],
      "afterHooks": [],
      "tests": [],
      "suites": [
        {
          "uuid": "10619ddf-8670-4177-be15-157cffdb3639",
          "title": "As an user, I would like to search a text",
          "fullFile": "",
          "file": "",
          "beforeHooks": [],
          "afterHooks": [],
          "tests": [
            {
              "title": "Verify that the search functionality works as expected",
              "fullTitle": "As an user, I would like to search a text Verify that the search functionality works as expected",
              "timedOut": null,
              "duration": 3737,
              "state": "passed",
              "speed": "fast",
              "pass": true,
              "fail": false,
              "pending": false,
              "context": null,
              "code": "_mainPage.default.go_to_main_page();\n_mainPage.default.enter_search_term('Software testing');\n_searchPage.default.search_result_assertion('Software testing');",
              "err": {},
              "uuid": "a5a59304-3244-40df-b2a0-e2da1ac54256",
              "parentUUID": "10619ddf-8670-4177-be15-157cffdb3639",
              "isHook": false,
              "skipped": false
            },
            {
              "title": "Verify that the search trims spaces and returns results accurately",
              "fullTitle": "As an user, I would like to search a text Verify that the search trims spaces and returns results accurately",
              "timedOut": null,
              "duration": 11049,
              "state": "failed",
              "speed": null,
              "pass": false,
              "fail": true,
              "pending": false,
              "context": null,
              "code": "_mainPage.default.go_to_main_page();\n_mainPage.default.enter_search_term('   Software testing   ');\n_searchPage.default.search_result_assertion('   Software testing   ');",
              "err": {
                "message": "AssertionError: Timed out retrying after 8000ms: expected '<p.mw-search-exists>' to contain text 'There is a page named \"   Software testing   \" on Wikipedia', but the text was '\\nThere is a page named \"Software testing\" on Wikipedia'",
                "estack": "AssertionError: Timed out retrying after 8000ms: expected '<p.mw-search-exists>' to contain text 'There is a page named \"   Software testing   \" on Wikipedia', but the text was '\\nThere is a page named \"Software testing\" on Wikipedia'\n    at searchPage.search_result_assertion (webpack://automation/./cypress/pageObjects/searchPage.js:9:35)\n    at Context.eval (webpack://automation/./cypress/e2e/search.cy.js:15:19)",
                "diff": "- '\\nThere is a page named \"Software testing\" on Wikipedia'\n+ 'There is a page named \"   Software testing   \" on Wikipedia'\n"
              },
              "uuid": "aafb4b04-a241-4ccd-9027-94c7a976c80e",
              "parentUUID": "10619ddf-8670-4177-be15-157cffdb3639",
              "isHook": false,
              "skipped": false
            }
          ],
          "suites": [],
          "passes": [
            "a5a59304-3244-40df-b2a0-e2da1ac54256"
          ],
          "failures": [
            "aafb4b04-a241-4ccd-9027-94c7a976c80e"
          ],
          "pending": [],
          "skipped": [],
          "duration": 14786,
          "root": false,
          "rootEmpty": false,
          "_timeout": 2000
        }
      ],
      "passes": [],
      "failures": [],
      "pending": [],
      "skipped": [],
      "duration": 0,
      "root": true,
      "rootEmpty": true,
      "_timeout": 2000
    }
  ],
  "meta": {
    "mocha": {
      "version": "7.0.1"
    },
    "mochawesome": {
      "options": {
        "quiet": false,
        "reportFilename": "mochawesome",
        "saveHtml": false,
        "saveJson": true,
        "consoleReporter": "spec",
        "useInlineDiffs": false,
        "code": true
      },
      "version": "7.1.3"
    },
    "marge": {
      "options": {
        "reportDir": "cypress/reports/mochawesome",
        "overwrite": false,
        "html": false,
        "json": true
      },
      "version": "6.2.0"
    }
  }
}