{
  "stats": {
    "suites": 1,
    "tests": 3,
    "passes": 0,
    "pending": 1,
    "failures": 2,
    "start": "2024-03-08T10:56:02.720Z",
    "end": "2024-03-08T10:56:24.879Z",
    "duration": 22159,
    "testsRegistered": 3,
    "passPercent": 0,
    "pendingPercent": 33.33333333333333,
    "other": 0,
    "hasOther": false,
    "skipped": 0,
    "hasSkipped": false
  },
  "results": [
    {
      "uuid": "6a61706e-aa53-478d-bb1f-38b2fa060763",
      "title": "",
      "fullFile": "cypress/e2e/search.cy.js",
      "file": "cypress/e2e/search.cy.js",
      "beforeHooks": [],
      "afterHooks": [],
      "tests": [],
      "suites": [
        {
          "uuid": "7a14c7bd-6606-4a0b-902f-0724796cb0cc",
          "title": "As an user, I would like to input the information",
          "fullFile": "",
          "file": "",
          "beforeHooks": [],
          "afterHooks": [],
          "tests": [
            {
              "title": "So that I can register successfully",
              "fullTitle": "As an user, I would like to input the information So that I can register successfully",
              "timedOut": null,
              "duration": 10823,
              "state": "failed",
              "speed": null,
              "pass": false,
              "fail": true,
              "pending": false,
              "context": null,
              "code": "_registerPage.default.goToRegisterPage();\ncy.generateTestData();\ncy.readFile('cypress/fixtures/data.json').then(data => {\n  _registerPage.default.registerSuccess(data);\n});",
              "err": {
                "message": "AssertionError: Timed out retrying after 8000ms: Expected to find content: 'Search engines' within the element: <input#form_item_infoSource.ant-select-selection-search-input> but never did.",
                "estack": "AssertionError: Timed out retrying after 8000ms: Expected to find content: 'Search engines' within the element: <input#form_item_infoSource.ant-select-selection-search-input> but never did.\n    at registerPage.fillInForm (webpack://automation/./cypress/pageObjects/registerPage.js:37:32)\n    at registerPage.registerSuccess (webpack://automation/./cypress/pageObjects/registerPage.js:45:13)\n    at Context.eval (webpack://automation/./cypress/e2e/search.cy.js:8:21)",
                "diff": null
              },
              "uuid": "861cdb21-1165-498f-88b7-443ac5652645",
              "parentUUID": "7a14c7bd-6606-4a0b-902f-0724796cb0cc",
              "isHook": false,
              "skipped": false
            },
            {
              "title": "So that the form should validate invalid information",
              "fullTitle": "As an user, I would like to input the information So that the form should validate invalid information",
              "timedOut": null,
              "duration": 9271,
              "state": "failed",
              "speed": null,
              "pass": false,
              "fail": true,
              "pending": false,
              "context": null,
              "code": "_registerPage.default.goToRegisterPage();\n_registerPage.default.validateFields();",
              "err": {
                "message": "AssertionError: Timed out retrying after 8000ms: expected '<div.ant-form-item-explain-error>' to equal '\\'email\\' is not a valid email'",
                "estack": "AssertionError: Timed out retrying after 8000ms: expected '<div.ant-form-item-explain-error>' to equal '\\'email\\' is not a valid email'\n    at registerPage.validateFields (webpack://automation/./cypress/pageObjects/registerPage.js:18:42)\n    at Context.eval (webpack://automation/./cypress/e2e/search.cy.js:14:21)",
                "diff": null
              },
              "uuid": "43502363-f99f-4fd3-9b1f-c1dda58f8bab",
              "parentUUID": "7a14c7bd-6606-4a0b-902f-0724796cb0cc",
              "isHook": false,
              "skipped": false
            },
            {
              "title": "So that the form should validate existing email",
              "fullTitle": "As an user, I would like to input the information So that the form should validate existing email",
              "timedOut": null,
              "duration": 0,
              "state": "pending",
              "speed": null,
              "pass": false,
              "fail": false,
              "pending": true,
              "context": null,
              "code": "_registerPage.default.goToRegisterPage();\n//Pre-condition: The email is existed\ncy.generateTestData();\ncy.readFile('cypress/fixtures/data.json').then(data => {\n  _registerPage.default.registerSuccess(data);\n  _registerPage.default.registerWithDuplicatedEmail(data);\n});",
              "err": {},
              "uuid": "b405981b-30ec-4c57-bbb4-96d701cb5aca",
              "parentUUID": "7a14c7bd-6606-4a0b-902f-0724796cb0cc",
              "isHook": false,
              "skipped": false
            }
          ],
          "suites": [],
          "passes": [],
          "failures": [
            "861cdb21-1165-498f-88b7-443ac5652645",
            "43502363-f99f-4fd3-9b1f-c1dda58f8bab"
          ],
          "pending": [
            "b405981b-30ec-4c57-bbb4-96d701cb5aca"
          ],
          "skipped": [],
          "duration": 20094,
          "root": false,
          "rootEmpty": false,
          "_timeout": 2000
        }
      ],
      "passes": [],
      "failures": [],
      "pending": [],
      "skipped": [],
      "duration": 0,
      "root": true,
      "rootEmpty": true,
      "_timeout": 2000
    }
  ],
  "meta": {
    "mocha": {
      "version": "7.0.1"
    },
    "mochawesome": {
      "options": {
        "quiet": false,
        "reportFilename": "mochawesome",
        "saveHtml": false,
        "saveJson": true,
        "consoleReporter": "spec",
        "useInlineDiffs": false,
        "code": true
      },
      "version": "7.1.3"
    },
    "marge": {
      "options": {
        "reportDir": "cypress/reports/mochawesome",
        "overwrite": false,
        "html": false,
        "json": true
      },
      "version": "6.2.0"
    }
  }
}