{
  "stats": {
    "suites": 1,
    "tests": 2,
    "passes": 0,
    "pending": 0,
    "failures": 2,
    "start": "2023-12-30T05:42:34.175Z",
    "end": "2023-12-30T05:42:35.657Z",
    "duration": 1482,
    "testsRegistered": 2,
    "passPercent": 0,
    "pendingPercent": 0,
    "other": 0,
    "hasOther": false,
    "skipped": 0,
    "hasSkipped": false
  },
  "results": [
    {
      "uuid": "1ffcf1cf-95d2-42ce-9da5-d962543a53a3",
      "title": "",
      "fullFile": "cypress/e2e/search.cy.js",
      "file": "cypress/e2e/search.cy.js",
      "beforeHooks": [],
      "afterHooks": [],
      "tests": [],
      "suites": [
        {
          "uuid": "15d2a787-006c-4a26-8bc1-e74df625eff4",
          "title": "As an user, I would like to search a text",
          "fullFile": "",
          "file": "",
          "beforeHooks": [],
          "afterHooks": [],
          "tests": [
            {
              "title": "Verify that the search functionality works as expected",
              "fullTitle": "As an user, I would like to search a text Verify that the search functionality works as expected",
              "timedOut": null,
              "duration": 762,
              "state": "failed",
              "speed": null,
              "pass": false,
              "fail": true,
              "pending": false,
              "context": null,
              "code": "_mainPage.default.go_to_main_page();\n_mainPage.default.enter_search_term('Software testing');\n_searchPage.default.search_result_assertion('Software testing');",
              "err": {
                "message": "ReferenceError: text is not defined",
                "estack": "ReferenceError: text is not defined\n    at searchPage.search_result_assertion (webpack://automation/./cypress/pageObjects/searchPage.js:7:26)\n    at Context.eval (webpack://automation/./cypress/e2e/search.cy.js:8:19)",
                "diff": null
              },
              "uuid": "9207d641-3087-48fa-aac8-df565f15e447",
              "parentUUID": "15d2a787-006c-4a26-8bc1-e74df625eff4",
              "isHook": false,
              "skipped": false
            },
            {
              "title": "Verify that the search trims spaces and returns results accurately",
              "fullTitle": "As an user, I would like to search a text Verify that the search trims spaces and returns results accurately",
              "timedOut": null,
              "duration": 690,
              "state": "failed",
              "speed": null,
              "pass": false,
              "fail": true,
              "pending": false,
              "context": null,
              "code": "_mainPage.default.go_to_main_page();\n_mainPage.default.enter_search_term('   Software testing   ');\n_searchPage.default.search_result_assertion('   Software testing   ');",
              "err": {
                "message": "ReferenceError: text is not defined",
                "estack": "ReferenceError: text is not defined\n    at searchPage.search_result_assertion (webpack://automation/./cypress/pageObjects/searchPage.js:7:26)\n    at Context.eval (webpack://automation/./cypress/e2e/search.cy.js:15:19)",
                "diff": null
              },
              "uuid": "9b1a8844-6fb3-4691-929c-20f72dfafa64",
              "parentUUID": "15d2a787-006c-4a26-8bc1-e74df625eff4",
              "isHook": false,
              "skipped": false
            }
          ],
          "suites": [],
          "passes": [],
          "failures": [
            "9207d641-3087-48fa-aac8-df565f15e447",
            "9b1a8844-6fb3-4691-929c-20f72dfafa64"
          ],
          "pending": [],
          "skipped": [],
          "duration": 1452,
          "root": false,
          "rootEmpty": false,
          "_timeout": 2000
        }
      ],
      "passes": [],
      "failures": [],
      "pending": [],
      "skipped": [],
      "duration": 0,
      "root": true,
      "rootEmpty": true,
      "_timeout": 2000
    }
  ],
  "meta": {
    "mocha": {
      "version": "7.0.1"
    },
    "mochawesome": {
      "options": {
        "quiet": false,
        "reportFilename": "mochawesome",
        "saveHtml": false,
        "saveJson": true,
        "consoleReporter": "spec",
        "useInlineDiffs": false,
        "code": true
      },
      "version": "7.1.3"
    },
    "marge": {
      "options": {
        "reportDir": "cypress/reports/mochawesome",
        "overwrite": false,
        "html": false,
        "json": true
      },
      "version": "6.2.0"
    }
  }
}