{
  "stats": {
    "suites": 1,
    "tests": 3,
    "passes": 0,
    "pending": 1,
    "failures": 2,
    "start": "2024-03-08T11:04:16.704Z",
    "end": "2024-03-08T11:04:39.929Z",
    "duration": 23225,
    "testsRegistered": 3,
    "passPercent": 0,
    "pendingPercent": 33.33333333333333,
    "other": 0,
    "hasOther": false,
    "skipped": 0,
    "hasSkipped": false
  },
  "results": [
    {
      "uuid": "f8709367-1159-437e-ae7e-a20f4230067a",
      "title": "",
      "fullFile": "cypress/e2e/search.cy.js",
      "file": "cypress/e2e/search.cy.js",
      "beforeHooks": [],
      "afterHooks": [],
      "tests": [],
      "suites": [
        {
          "uuid": "ca3e4638-db72-47e2-b987-82f8e19bce1c",
          "title": "As an user, I would like to input the information",
          "fullFile": "",
          "file": "",
          "beforeHooks": [],
          "afterHooks": [],
          "tests": [
            {
              "title": "So that I can register successfully",
              "fullTitle": "As an user, I would like to input the information So that I can register successfully",
              "timedOut": null,
              "duration": 10844,
              "state": "failed",
              "speed": null,
              "pass": false,
              "fail": true,
              "pending": false,
              "context": null,
              "code": "_registerPage.default.goToRegisterPage();\ncy.generateTestData();\ncy.readFile('cypress/fixtures/data.json').then(data => {\n  _registerPage.default.registerSuccess(data);\n});",
              "err": {
                "message": "CypressError: Timed out retrying after 8050ms: `cy.click()` failed because this element:\n\n`<input type=\"search\" id=\"form_item_infoSource\" autocomplete=\"off\" class=\"ant-select-selection-search-input\" role=\"combobox\" aria-haspopup=\"listbox\" aria-owns=\"form_item_infoSource_list\" aria-autocomplete=\"list\" aria-controls=\"form_item_infoSource_list\" aria-activedescendant=\"form_item_infoSource_list_0\" readonly=\"\" unselectable=\"on\" style=\"opacity: 0;\">`\n\nis being covered by another element:\n\n`<span class=\"ant-select-selection-item\" title=\"\"></span>`\n\nFix this problem, or use {force: true} to disable error checking.\n\nhttps://on.cypress.io/element-cannot-be-interacted-with",
                "estack": "CypressError: Timed out retrying after 8050ms: `cy.click()` failed because this element:\n\n`<input type=\"search\" id=\"form_item_infoSource\" autocomplete=\"off\" class=\"ant-select-selection-search-input\" role=\"combobox\" aria-haspopup=\"listbox\" aria-owns=\"form_item_infoSource_list\" aria-autocomplete=\"list\" aria-controls=\"form_item_infoSource_list\" aria-activedescendant=\"form_item_infoSource_list_0\" readonly=\"\" unselectable=\"on\" style=\"opacity: 0;\">`\n\nis being covered by another element:\n\n`<span class=\"ant-select-selection-item\" title=\"\"></span>`\n\nFix this problem, or use {force: true} to disable error checking.\n\nhttps://on.cypress.io/element-cannot-be-interacted-with\n    at ensureIsDescendent (https://raksul.github.io/__cypress/runner/cypress_runner.js:111849:68)\n    at ensureDescendents (https://raksul.github.io/__cypress/runner/cypress_runner.js:111900:5)\n    at ensureDescendentsAndScroll (https://raksul.github.io/__cypress/runner/cypress_runner.js:111906:14)\n    at ensureElIsNotCovered (https://raksul.github.io/__cypress/runner/cypress_runner.js:112037:5)\n    at runAllChecks (https://raksul.github.io/__cypress/runner/cypress_runner.js:112217:52)\n    at retryActionability (https://raksul.github.io/__cypress/runner/cypress_runner.js:112254:16)\n    at tryCatcher (https://raksul.github.io/__cypress/runner/cypress_runner.js:1807:23)\n    at Promise.attempt.Promise.try (https://raksul.github.io/__cypress/runner/cypress_runner.js:4315:29)\n    at whenStable (https://raksul.github.io/__cypress/runner/cypress_runner.js:143192:68)\n    at <unknown> (https://raksul.github.io/__cypress/runner/cypress_runner.js:143133:14)\n    at tryCatcher (https://raksul.github.io/__cypress/runner/cypress_runner.js:1807:23)\n    at Promise._settlePromiseFromHandler (https://raksul.github.io/__cypress/runner/cypress_runner.js:1519:31)\n    at Promise._settlePromise (https://raksul.github.io/__cypress/runner/cypress_runner.js:1576:18)\n    at Promise._settlePromise0 (https://raksul.github.io/__cypress/runner/cypress_runner.js:1621:10)\n    at Promise._settlePromises (https://raksul.github.io/__cypress/runner/cypress_runner.js:1701:18)\n    at Promise._fulfill (https://raksul.github.io/__cypress/runner/cypress_runner.js:1645:18)\n    at <unknown> (https://raksul.github.io/__cypress/runner/cypress_runner.js:5450:46)\nFrom Your Spec Code:\n    at registerPage.fillInForm (webpack://automation/./cypress/pageObjects/registerPage.js:39:32)\n    at registerPage.registerSuccess (webpack://automation/./cypress/pageObjects/registerPage.js:47:13)\n    at Context.eval (webpack://automation/./cypress/e2e/search.cy.js:8:21)",
                "diff": null
              },
              "uuid": "3dd100d2-e02d-4d03-a726-0a9281d5971a",
              "parentUUID": "ca3e4638-db72-47e2-b987-82f8e19bce1c",
              "isHook": false,
              "skipped": false
            },
            {
              "title": "So that the form should validate invalid information",
              "fullTitle": "As an user, I would like to input the information So that the form should validate invalid information",
              "timedOut": null,
              "duration": 10043,
              "state": "failed",
              "speed": null,
              "pass": false,
              "fail": true,
              "pending": false,
              "context": null,
              "code": "_registerPage.default.goToRegisterPage();\n_registerPage.default.validateFields();",
              "err": {
                "message": "AssertionError: Timed out retrying after 8000ms: expected '<div.ant-form-item-explain-error>' to equal '\\'firstName\\' is required'",
                "estack": "AssertionError: Timed out retrying after 8000ms: expected '<div.ant-form-item-explain-error>' to equal '\\'firstName\\' is required'\n    at registerPage.validateFields (webpack://automation/./cypress/pageObjects/registerPage.js:27:40)\n    at Context.eval (webpack://automation/./cypress/e2e/search.cy.js:14:21)",
                "diff": null
              },
              "uuid": "95a3cde2-c177-490a-b76f-19919efd773e",
              "parentUUID": "ca3e4638-db72-47e2-b987-82f8e19bce1c",
              "isHook": false,
              "skipped": false
            },
            {
              "title": "So that the form should validate existing email",
              "fullTitle": "As an user, I would like to input the information So that the form should validate existing email",
              "timedOut": null,
              "duration": 0,
              "state": "pending",
              "speed": null,
              "pass": false,
              "fail": false,
              "pending": true,
              "context": null,
              "code": "_registerPage.default.goToRegisterPage();\n//Pre-condition: The email is existed\ncy.generateTestData();\ncy.readFile('cypress/fixtures/data.json').then(data => {\n  _registerPage.default.registerSuccess(data);\n  _registerPage.default.registerWithDuplicatedEmail(data);\n});",
              "err": {},
              "uuid": "3a1b397a-3190-47be-8028-af31f0024bce",
              "parentUUID": "ca3e4638-db72-47e2-b987-82f8e19bce1c",
              "isHook": false,
              "skipped": false
            }
          ],
          "suites": [],
          "passes": [],
          "failures": [
            "3dd100d2-e02d-4d03-a726-0a9281d5971a",
            "95a3cde2-c177-490a-b76f-19919efd773e"
          ],
          "pending": [
            "3a1b397a-3190-47be-8028-af31f0024bce"
          ],
          "skipped": [],
          "duration": 20887,
          "root": false,
          "rootEmpty": false,
          "_timeout": 2000
        }
      ],
      "passes": [],
      "failures": [],
      "pending": [],
      "skipped": [],
      "duration": 0,
      "root": true,
      "rootEmpty": true,
      "_timeout": 2000
    }
  ],
  "meta": {
    "mocha": {
      "version": "7.0.1"
    },
    "mochawesome": {
      "options": {
        "quiet": false,
        "reportFilename": "mochawesome",
        "saveHtml": false,
        "saveJson": true,
        "consoleReporter": "spec",
        "useInlineDiffs": false,
        "code": true
      },
      "version": "7.1.3"
    },
    "marge": {
      "options": {
        "reportDir": "cypress/reports/mochawesome",
        "overwrite": false,
        "html": false,
        "json": true
      },
      "version": "6.2.0"
    }
  }
}