{
  "stats": {
    "suites": 1,
    "tests": 2,
    "passes": 2,
    "pending": 0,
    "failures": 0,
    "start": "2023-12-29T13:46:37.847Z",
    "end": "2023-12-29T13:46:46.306Z",
    "duration": 8459,
    "testsRegistered": 2,
    "passPercent": 100,
    "pendingPercent": 0,
    "other": 0,
    "hasOther": false,
    "skipped": 0,
    "hasSkipped": false
  },
  "results": [
    {
      "uuid": "07c23f86-66b2-4748-aa5b-c9625d3b3994",
      "title": "",
      "fullFile": "cypress/e2e/search.cy.js",
      "file": "cypress/e2e/search.cy.js",
      "beforeHooks": [],
      "afterHooks": [],
      "tests": [],
      "suites": [
        {
          "uuid": "9fc0872b-4956-4dfc-a0ff-b3110afff43c",
          "title": "As an user, I would like to search a text",
          "fullFile": "",
          "file": "",
          "beforeHooks": [],
          "afterHooks": [],
          "tests": [
            {
              "title": "Verify that the search functionality works as expected",
              "fullTitle": "As an user, I would like to search a text Verify that the search functionality works as expected",
              "timedOut": null,
              "duration": 3477,
              "state": "passed",
              "speed": "fast",
              "pass": true,
              "fail": false,
              "pending": false,
              "context": null,
              "code": "_mainPage.default.go_to_main_page();\n_mainPage.default.enter_search_term('Software testing');\n_searchPage.default.search_result_assertion('Software testing');",
              "err": {},
              "uuid": "1c87a6e1-85a3-4169-8f52-345678296b39",
              "parentUUID": "9fc0872b-4956-4dfc-a0ff-b3110afff43c",
              "isHook": false,
              "skipped": false
            },
            {
              "title": "Verify that the search trims spaces and returns results accurately",
              "fullTitle": "As an user, I would like to search a text Verify that the search trims spaces and returns results accurately",
              "timedOut": null,
              "duration": 2938,
              "state": "passed",
              "speed": "fast",
              "pass": true,
              "fail": false,
              "pending": false,
              "context": null,
              "code": "_mainPage.default.go_to_main_page();\n_mainPage.default.enter_search_term('   Software testing   ');\n_searchPage.default.trim_text_assertion('   Software testing   ');",
              "err": {},
              "uuid": "fb87255d-7906-4a95-9c03-cafbb0cbe862",
              "parentUUID": "9fc0872b-4956-4dfc-a0ff-b3110afff43c",
              "isHook": false,
              "skipped": false
            }
          ],
          "suites": [],
          "passes": [
            "1c87a6e1-85a3-4169-8f52-345678296b39",
            "fb87255d-7906-4a95-9c03-cafbb0cbe862"
          ],
          "failures": [],
          "pending": [],
          "skipped": [],
          "duration": 6415,
          "root": false,
          "rootEmpty": false,
          "_timeout": 2000
        }
      ],
      "passes": [],
      "failures": [],
      "pending": [],
      "skipped": [],
      "duration": 0,
      "root": true,
      "rootEmpty": true,
      "_timeout": 2000
    }
  ],
  "meta": {
    "mocha": {
      "version": "7.0.1"
    },
    "mochawesome": {
      "options": {
        "quiet": false,
        "reportFilename": "mochawesome",
        "saveHtml": false,
        "saveJson": true,
        "consoleReporter": "spec",
        "useInlineDiffs": false,
        "code": true
      },
      "version": "7.1.3"
    },
    "marge": {
      "options": {
        "reportDir": "cypress/reports/mochawesome",
        "overwrite": false,
        "html": false,
        "json": true
      },
      "version": "6.2.0"
    }
  }
}