{
  "stats": {
    "suites": 1,
    "tests": 2,
    "passes": 2,
    "pending": 0,
    "failures": 0,
    "start": "2023-12-30T05:42:58.960Z",
    "end": "2023-12-30T05:43:07.408Z",
    "duration": 8448,
    "testsRegistered": 2,
    "passPercent": 100,
    "pendingPercent": 0,
    "other": 0,
    "hasOther": false,
    "skipped": 0,
    "hasSkipped": false
  },
  "results": [
    {
      "uuid": "ff19f5e9-6a89-471d-aa57-adcfe9136c2b",
      "title": "",
      "fullFile": "cypress/e2e/search.cy.js",
      "file": "cypress/e2e/search.cy.js",
      "beforeHooks": [],
      "afterHooks": [],
      "tests": [],
      "suites": [
        {
          "uuid": "8f1e203f-e21d-4112-8859-b227d4a60fd7",
          "title": "As an user, I would like to search a text",
          "fullFile": "",
          "file": "",
          "beforeHooks": [],
          "afterHooks": [],
          "tests": [
            {
              "title": "Verify that the search functionality works as expected",
              "fullTitle": "As an user, I would like to search a text Verify that the search functionality works as expected",
              "timedOut": null,
              "duration": 3839,
              "state": "passed",
              "speed": "fast",
              "pass": true,
              "fail": false,
              "pending": false,
              "context": null,
              "code": "_mainPage.default.go_to_main_page();\n_mainPage.default.enter_search_term('Software testing');\n_searchPage.default.search_result_assertion('Software testing');",
              "err": {},
              "uuid": "77fdd2e0-8ed3-4b1f-aa08-bdd7c95beb4b",
              "parentUUID": "8f1e203f-e21d-4112-8859-b227d4a60fd7",
              "isHook": false,
              "skipped": false
            },
            {
              "title": "Verify that the search trims spaces and returns results accurately",
              "fullTitle": "As an user, I would like to search a text Verify that the search trims spaces and returns results accurately",
              "timedOut": null,
              "duration": 2792,
              "state": "passed",
              "speed": "fast",
              "pass": true,
              "fail": false,
              "pending": false,
              "context": null,
              "code": "_mainPage.default.go_to_main_page();\n_mainPage.default.enter_search_term('   Software testing   ');\n_searchPage.default.search_result_assertion('   Software testing   ');",
              "err": {},
              "uuid": "1c6394c7-3ded-4261-bc8d-378febbd2203",
              "parentUUID": "8f1e203f-e21d-4112-8859-b227d4a60fd7",
              "isHook": false,
              "skipped": false
            }
          ],
          "suites": [],
          "passes": [
            "77fdd2e0-8ed3-4b1f-aa08-bdd7c95beb4b",
            "1c6394c7-3ded-4261-bc8d-378febbd2203"
          ],
          "failures": [],
          "pending": [],
          "skipped": [],
          "duration": 6631,
          "root": false,
          "rootEmpty": false,
          "_timeout": 2000
        }
      ],
      "passes": [],
      "failures": [],
      "pending": [],
      "skipped": [],
      "duration": 0,
      "root": true,
      "rootEmpty": true,
      "_timeout": 2000
    }
  ],
  "meta": {
    "mocha": {
      "version": "7.0.1"
    },
    "mochawesome": {
      "options": {
        "quiet": false,
        "reportFilename": "mochawesome",
        "saveHtml": false,
        "saveJson": true,
        "consoleReporter": "spec",
        "useInlineDiffs": false,
        "code": true
      },
      "version": "7.1.3"
    },
    "marge": {
      "options": {
        "reportDir": "cypress/reports/mochawesome",
        "overwrite": false,
        "html": false,
        "json": true
      },
      "version": "6.2.0"
    }
  }
}