{
  "stats": {
    "suites": 1,
    "tests": 2,
    "passes": 2,
    "pending": 0,
    "failures": 0,
    "start": "2023-12-29T13:53:01.655Z",
    "end": "2023-12-29T13:53:12.341Z",
    "duration": 10686,
    "testsRegistered": 2,
    "passPercent": 100,
    "pendingPercent": 0,
    "other": 0,
    "hasOther": false,
    "skipped": 0,
    "hasSkipped": false
  },
  "results": [
    {
      "uuid": "9ee42d05-e05d-4186-b9f8-06f185e43d5a",
      "title": "",
      "fullFile": "cypress/e2e/search.cy.js",
      "file": "cypress/e2e/search.cy.js",
      "beforeHooks": [],
      "afterHooks": [],
      "tests": [],
      "suites": [
        {
          "uuid": "a3b9936c-0151-4b88-99fc-52fc8f7ea047",
          "title": "As an user, I would like to search a text",
          "fullFile": "",
          "file": "",
          "beforeHooks": [],
          "afterHooks": [],
          "tests": [
            {
              "title": "Verify that the search functionality works as expected",
              "fullTitle": "As an user, I would like to search a text Verify that the search functionality works as expected",
              "timedOut": null,
              "duration": 4141,
              "state": "passed",
              "speed": "fast",
              "pass": true,
              "fail": false,
              "pending": false,
              "context": null,
              "code": "_mainPage.default.go_to_main_page();\n_mainPage.default.enter_search_term('Software testing');\n_searchPage.default.search_result_assertion('Software testing');",
              "err": {},
              "uuid": "67e99e76-f499-4299-88de-209b34fcf7cb",
              "parentUUID": "a3b9936c-0151-4b88-99fc-52fc8f7ea047",
              "isHook": false,
              "skipped": false
            },
            {
              "title": "Verify that the search trims spaces and returns results accurately",
              "fullTitle": "As an user, I would like to search a text Verify that the search trims spaces and returns results accurately",
              "timedOut": null,
              "duration": 3559,
              "state": "passed",
              "speed": "fast",
              "pass": true,
              "fail": false,
              "pending": false,
              "context": null,
              "code": "_mainPage.default.go_to_main_page();\n_mainPage.default.enter_search_term('   Software testing   ');\n_searchPage.default.trim_text_assertion('   Software testing   ');",
              "err": {},
              "uuid": "e53afb49-9c8b-43d3-9228-b0fd9fdda465",
              "parentUUID": "a3b9936c-0151-4b88-99fc-52fc8f7ea047",
              "isHook": false,
              "skipped": false
            }
          ],
          "suites": [],
          "passes": [
            "67e99e76-f499-4299-88de-209b34fcf7cb",
            "e53afb49-9c8b-43d3-9228-b0fd9fdda465"
          ],
          "failures": [],
          "pending": [],
          "skipped": [],
          "duration": 7700,
          "root": false,
          "rootEmpty": false,
          "_timeout": 2000
        }
      ],
      "passes": [],
      "failures": [],
      "pending": [],
      "skipped": [],
      "duration": 0,
      "root": true,
      "rootEmpty": true,
      "_timeout": 2000
    }
  ],
  "meta": {
    "mocha": {
      "version": "7.0.1"
    },
    "mochawesome": {
      "options": {
        "quiet": false,
        "reportFilename": "mochawesome",
        "saveHtml": false,
        "saveJson": true,
        "consoleReporter": "spec",
        "useInlineDiffs": false,
        "code": true
      },
      "version": "7.1.3"
    },
    "marge": {
      "options": {
        "reportDir": "cypress/reports/mochawesome",
        "overwrite": false,
        "html": false,
        "json": true
      },
      "version": "6.2.0"
    }
  }
}