{
  "stats": {
    "suites": 1,
    "tests": 1,
    "passes": 1,
    "pending": 0,
    "failures": 0,
    "start": "2024-07-02T09:02:04.011Z",
    "end": "2024-07-02T09:02:22.710Z",
    "duration": 18699,
    "testsRegistered": 1,
    "passPercent": 100,
    "pendingPercent": 0,
    "other": 0,
    "hasOther": false,
    "skipped": 0,
    "hasSkipped": false
  },
  "results": [
    {
      "uuid": "cee5b19c-637c-49d8-9d7c-6924b1935eb2",
      "title": "",
      "fullFile": "cypress/e2e/addProductToCart.cy.js",
      "file": "cypress/e2e/addProductToCart.cy.js",
      "beforeHooks": [],
      "afterHooks": [],
      "tests": [],
      "suites": [
        {
          "uuid": "ad012625-6709-42bb-8fa0-23efb872e198",
          "title": "As an user, I would like to view Headsets product",
          "fullFile": "",
          "file": "",
          "beforeHooks": [],
          "afterHooks": [],
          "tests": [
            {
              "title": "So that I can add product to cart from PLP without login yet",
              "fullTitle": "As an user, I would like to view Headsets product So that I can add product to cart from PLP without login yet",
              "timedOut": null,
              "duration": 15345,
              "state": "passed",
              "speed": "slow",
              "pass": true,
              "fail": false,
              "pending": false,
              "context": null,
              "code": "_homePage.default.goToHomePage();\n_homePage.default.assertUserHasNotLogin();\n_homePage.default.chooseCategory('Headsets');\n_productListPage.default.addFirstItemToCart();\n_cartPage.default.goToCartPage();\ncy.readFile('cypress/fixtures/data.json').then(data => {\n  _cartPage.default.assertItemAddedToCart(data.firstProductName);\n});",
              "err": {},
              "uuid": "57f0d832-f1e6-4ac4-bd0f-7892cc357cc7",
              "parentUUID": "ad012625-6709-42bb-8fa0-23efb872e198",
              "isHook": false,
              "skipped": false
            }
          ],
          "suites": [],
          "passes": [
            "57f0d832-f1e6-4ac4-bd0f-7892cc357cc7"
          ],
          "failures": [],
          "pending": [],
          "skipped": [],
          "duration": 15345,
          "root": false,
          "rootEmpty": false,
          "_timeout": 2000
        }
      ],
      "passes": [],
      "failures": [],
      "pending": [],
      "skipped": [],
      "duration": 0,
      "root": true,
      "rootEmpty": true,
      "_timeout": 2000
    }
  ],
  "meta": {
    "mocha": {
      "version": "7.0.1"
    },
    "mochawesome": {
      "options": {
        "quiet": false,
        "reportFilename": "mochawesome",
        "saveHtml": false,
        "saveJson": true,
        "consoleReporter": "spec",
        "useInlineDiffs": false,
        "code": true
      },
      "version": "7.1.3"
    },
    "marge": {
      "options": {
        "reportDir": "cypress/reports/mochawesome",
        "overwrite": false,
        "html": false,
        "json": true
      },
      "version": "6.2.0"
    }
  }
}